This is pdfTeX, Version 3.14159265-2.6-1.40.21 (MiKTeX 20.6.29) (preloaded format=latex 2020.9.17)  17 SEP 2020 16:14
entering extended mode
**./cimlap.tex
(cimlap.tex
LaTeX2e <2020-02-02> patch level 5
L3 programming layer <2020-06-18>
! Undefined control sequence.
l.4 {\large
           
? 
! Emergency stop.
l.4 {\large
           
End of file on the terminal!

 
Here is how much of TeX's memory you used:
 18 strings out of 480791
 426 string characters out of 2913616
 238887 words of memory out of 3000000
 16130 multiletter control sequences out of 15000+200000
 532338 words of font info for 24 fonts, out of 3000000 for 9000
 1141 hyphenation exceptions out of 8191
 12i,0n,15p,124b,8s stack positions out of 5000i,500n,10000p,200000b,50000s
No pages of output.