This is pdfTeX, Version 3.14159265-2.6-1.40.21 (MiKTeX 20.11) (preloaded format=pdflatex 2020.12.6)  8 DEC 2020 15:27
entering extended mode
**./szakd_minta_report.tex
(szakd_minta_report.tex
LaTeX2e <2020-10-01> patch level 2
L3 programming layer <2020-10-27> xparse <2020-03-03>
(C:\Users\Laci\AppData\Local\Programs\MiKTeX\tex/latex/base\report.cls
Document Class: report 2020/04/10 v1.4m Standard LaTeX document class
(C:\Users\Laci\AppData\Local\Programs\MiKTeX\tex/latex/base\size12.clo
File: size12.clo 2020/04/10 v1.4m Standard LaTeX file (size option)
)
\c@part=\count175
\c@chapter=\count176
\c@section=\count177
\c@subsection=\count178
\c@subsubsection=\count179
\c@paragraph=\count180
\c@subparagraph=\count181
\c@figure=\count182
\c@table=\count183
\abovecaptionskip=\skip47
\belowcaptionskip=\skip48
\bibindent=\dimen138
)
(szakd_report.sty
(C:\Users\Laci\AppData\Local\Programs\MiKTeX\tex/latex/geometry\geometry.sty
Package: geometry 2020/01/02 v5.9 Page Geometry

(C:\Users\Laci\AppData\Local\Programs\MiKTeX\tex/latex/graphics\keyval.sty
Package: keyval 2014/10/28 v1.15 key=value parser (DPC)
\KV@toks@=\toks15
)
(C:\Users\Laci\AppData\Local\Programs\MiKTeX\tex/generic/iftex\ifvtex.sty
Package: ifvtex 2019/10/25 v1.7 ifvtex legacy package. Use iftex instead.

(C:\Users\Laci\AppData\Local\Programs\MiKTeX\tex/generic/iftex\iftex.sty
Package: iftex 2020/03/06 v1.0d TeX engine tests
))
\Gm@cnth=\count184
\Gm@cntv=\count185
\c@Gm@tempcnt=\count186
\Gm@bindingoffset=\dimen139
\Gm@wd@mp=\dimen140
\Gm@odd@mp=\dimen141
\Gm@even@mp=\dimen142
\Gm@layoutwidth=\dimen143
\Gm@layoutheight=\dimen144
\Gm@layouthoffset=\dimen145
\Gm@layoutvoffset=\dimen146
\Gm@dimlist=\toks16

(C:\Users\Laci\AppData\Local\Programs\MiKTeX\tex/latex/geometry\geometry.cfg))
(C:\Users\Laci\AppData\Local\Programs\MiKTeX\tex/latex/fancyhdr\fancyhdr.sty
Package: fancyhdr 2019/01/31 v3.10 Extensive control of page headers and footer
s
\f@nch@headwidth=\skip49
\f@nch@O@elh=\skip50
\f@nch@O@erh=\skip51
\f@nch@O@olh=\skip52
\f@nch@O@orh=\skip53
\f@nch@O@elf=\skip54
\f@nch@O@erf=\skip55
\f@nch@O@olf=\skip56
\f@nch@O@orf=\skip57
)
(C:\Users\Laci\AppData\Local\Programs\MiKTeX\tex/latex/amsmath\amsmath.sty
Package: amsmath 2020/09/23 v2.17i AMS math features
\@mathmargin=\skip58

For additional information on amsmath, use the `?' option.
(C:\Users\Laci\AppData\Local\Programs\MiKTeX\tex/latex/amsmath\amstext.sty
Package: amstext 2000/06/29 v2.01 AMS text

(C:\Users\Laci\AppData\Local\Programs\MiKTeX\tex/latex/amsmath\amsgen.sty
File: amsgen.sty 1999/11/30 v2.0 generic functions
\@emptytoks=\toks17
\ex@=\dimen147
))
(C:\Users\Laci\AppData\Local\Programs\MiKTeX\tex/latex/amsmath\amsbsy.sty
Package: amsbsy 1999/11/29 v1.2d Bold Symbols
\pmbraise@=\dimen148
)
(C:\Users\Laci\AppData\Local\Programs\MiKTeX\tex/latex/amsmath\amsopn.sty
Package: amsopn 2016/03/08 v2.02 operator names
)
\inf@bad=\count187
LaTeX Info: Redefining \frac on input line 234.
\uproot@=\count188
\leftroot@=\count189
LaTeX Info: Redefining \overline on input line 399.
\classnum@=\count190
\DOTSCASE@=\count191
LaTeX Info: Redefining \ldots on input line 496.
LaTeX Info: Redefining \dots on input line 499.
LaTeX Info: Redefining \cdots on input line 620.
\Mathstrutbox@=\box47
\strutbox@=\box48
\big@size=\dimen149
LaTeX Font Info:    Redeclaring font encoding OML on input line 743.
LaTeX Font Info:    Redeclaring font encoding OMS on input line 744.
\macc@depth=\count192
\c@MaxMatrixCols=\count193
\dotsspace@=\muskip16
\c@parentequation=\count194
\dspbrk@lvl=\count195
\tag@help=\toks18
\row@=\count196
\column@=\count197
\maxfields@=\count198
\andhelp@=\toks19
\eqnshift@=\dimen150
\alignsep@=\dimen151
\tagshift@=\dimen152
\tagwidth@=\dimen153
\totwidth@=\dimen154
\lineht@=\dimen155
\@envbody=\toks20
\multlinegap=\skip59
\multlinetaggap=\skip60
\mathdisplay@stack=\toks21
LaTeX Info: Redefining \[ on input line 2923.
LaTeX Info: Redefining \] on input line 2924.
)
(C:\Users\Laci\AppData\Local\Programs\MiKTeX\tex/latex/amsfonts\amssymb.sty
Package: amssymb 2013/01/14 v3.01 AMS font symbols

(C:\Users\Laci\AppData\Local\Programs\MiKTeX\tex/latex/amsfonts\amsfonts.sty
Package: amsfonts 2013/01/14 v3.01 Basic AMSFonts support
\symAMSa=\mathgroup4
\symAMSb=\mathgroup5
LaTeX Font Info:    Redeclaring math symbol \hbar on input line 98.
LaTeX Font Info:    Overwriting math alphabet `\mathfrak' in version `bold'
(Font)                  U/euf/m/n --> U/euf/b/n on input line 106.
))
(C:\Users\Laci\AppData\Local\Programs\MiKTeX\tex/latex/graphics\color.sty
Package: color 2020/02/24 v1.2b Standard LaTeX Color (DPC)

(C:\Users\Laci\AppData\Local\Programs\MiKTeX\tex/latex/graphics-cfg\color.cfg
File: color.cfg 2016/01/02 v1.6 sample color configuration
)
Package color Info: Driver file: pdftex.def on input line 147.

(C:\Users\Laci\AppData\Local\Programs\MiKTeX\tex/latex/graphics-def\pdftex.def
File: pdftex.def 2020/10/05 v1.2a Graphics/color driver for pdftex
)) (C:\Users\Laci\AppData\Local\Programs\MiKTeX\tex/latex/graphics\epsfig.sty
Package: epsfig 2017/06/25 v1.7b (e)psfig emulation (SPQR)

(C:\Users\Laci\AppData\Local\Programs\MiKTeX\tex/latex/graphics\graphicx.sty
Package: graphicx 2020/09/09 v1.2b Enhanced LaTeX Graphics (DPC,SPQR)

(C:\Users\Laci\AppData\Local\Programs\MiKTeX\tex/latex/graphics\graphics.sty
Package: graphics 2020/08/30 v1.4c Standard LaTeX Graphics (DPC,SPQR)

(C:\Users\Laci\AppData\Local\Programs\MiKTeX\tex/latex/graphics\trig.sty
Package: trig 2016/01/03 v1.10 sin cos tan (DPC)
)
(C:\Users\Laci\AppData\Local\Programs\MiKTeX\tex/latex/graphics-cfg\graphics.cf
g
File: graphics.cfg 2016/06/04 v1.11 sample graphics configuration
)
Package graphics Info: Driver file: pdftex.def on input line 105.
)
\Gin@req@height=\dimen156
\Gin@req@width=\dimen157
)
\epsfxsize=\dimen158
\epsfysize=\dimen159
) (C:\Users\Laci\AppData\Local\Programs\MiKTeX\tex/latex/base\ifthen.sty
Package: ifthen 2014/09/29 v1.1c Standard LaTeX ifthen package (DPC)
)
(C:\Users\Laci\AppData\Local\Programs\MiKTeX\tex/latex/tools\array.sty
Package: array 2019/08/31 v2.4l Tabular extension package (FMi)
\col@sep=\dimen160
\ar@mcellbox=\box49
\extrarowheight=\dimen161
\NC@list=\toks22
\extratabsurround=\skip61
\backup@length=\skip62
\ar@cellbox=\box50
)
(C:\Users\Laci\AppData\Local\Programs\MiKTeX\tex/latex/ntheorem\ntheorem.sty
Style `ntheorem', Version 1.33 <2011/08/15>
Package: ntheorem 2011/08/15 1.33
\theorem@style=\toks23
\theorem@@style=\toks24
\theorembodyfont=\toks25
\theoremnumbering=\toks26
\theorempreskipamount=\skip63
\theorempostskipamount=\skip64
\theoremframepreskipamount=\skip65
\theoremframepostskipamount=\skip66
\theoreminframepreskipamount=\skip67
\theoreminframepostskipamount=\skip68
\theorem@preskip=\toks27
\theorem@postskip=\toks28
\theorem@framepreskip=\toks29
\theorem@framepostskip=\toks30
\theorem@inframepreskip=\toks31
\theorem@inframepostskip=\toks32
\theoremindent=\dimen162
\theorem@indent=\dimen163
\theoremrightindent=\dimen164
\theorem@rightindent=\dimen165
\theoremheaderfont=\toks33
\theoremseparator=\toks34
\theoremprework=\toks35
\theorempostwork=\toks36
\theoremsymbol=\toks37
\qedsymbol=\toks38
\theoremkeyword=\toks39
\qedsymbol=\toks40
\thm@topsep=\skip69
\thm@topsepadd=\skip70
) (C:\Users\Laci\AppData\Local\Programs\MiKTeX\tex/latex/multirow\multirow.sty
Package: multirow 2019/05/31 v2.5 Span multiple rows of a table
\multirow@colwidth=\skip71
\multirow@cntb=\count199
\multirow@dima=\skip72
\bigstrutjot=\dimen166
) (C:\Users\Laci\AppData\Local\Programs\MiKTeX\tex/latex/colortbl\colortbl.sty
Package: colortbl 2020/01/04 v1.0e Color table columns (DPC)
\everycr=\toks41
\minrowclearance=\skip73
)
(C:\Users\Laci\AppData\Local\Programs\MiKTeX\tex/generic/mfpic\mfpic.sty
Package: mfpic 2012/12/03 v1.10. Macros for drawing with Metafont/MetaPost.

(C:\Users\Laci\AppData\Local\Programs\MiKTeX\tex/generic/mfpic\mfpic.tex
\mfp@out=\write3
\mfp@graph=\read2
\mfp@count=\count266
\mfp@linetype=\count267
\mfp@sequence=\count268
\mfp@toks=\toks42
\mfp@verbtex=\toks43
\mfp@fdc=\count269
\@wholegraph=\box51
\@textbox=\box52
\@alltlabels=\box53
\@backtext=\box54
\@tlabelstop=\fontdimen 23\mfp@dummy 
\@tlabelsbot=\fontdimen 24\mfp@dummy 
\@tlabelsleft=\fontdimen 25\mfp@dummy 
\@graphright=\fontdimen 26\mfp@dummy 
\@graphleft=\fontdimen 27\mfp@dummy 
\@graphtop=\fontdimen 28\mfp@dummy 
\@graphbot=\fontdimen 29\mfp@dummy 
\tb@raise=\fontdimen 30\mfp@dummy 
\tb@moveright=\fontdimen 31\mfp@dummy 
\tb@totalht=\fontdimen 32\mfp@dummy 
\tlabel@hadj=\fontdimen 33\mfp@dummy 
\tlabel@vadj=\fontdimen 34\mfp@dummy 
\tlabel@sep=\fontdimen 35\mfp@dummy 
\tlpath@sep=\fontdimen 36\mfp@dummy 
\mfpicunit=\fontdimen 37\mfp@dummy 
\@mfpicunit=\fontdimen 38\mfp@dummy 
\pointsize=\fontdimen 39\mfp@dummy 
\shadespace=\fontdimen 40\mfp@dummy 
\polkadotspace=\fontdimen 41\mfp@dummy 
\hatchspace=\fontdimen 42\mfp@dummy 
\headlen=\fontdimen 43\mfp@dummy 
\axisheadlen=\fontdimen 44\mfp@dummy 
\sideheadlen=\fontdimen 45\mfp@dummy 
\hashlen=\fontdimen 46\mfp@dummy 
\dashlen=\fontdimen 47\mfp@dummy 
\dashspace=\fontdimen 48\mfp@dummy 
\dotsize=\fontdimen 49\mfp@dummy 
\griddotsize=\fontdimen 50\mfp@dummy 
\dotspace=\fontdimen 51\mfp@dummy 
\symbolspace=\fontdimen 52\mfp@dummy 
\mfp@scratch=\dimen167
\mfpframesep=\dimen168
\mfpframethickness=\dimen169
\mfpicheight=\dimen170
\mfpicwidth=\dimen171
\mfpiccaptionskip=\skip74
\tl@vpos=\count270
\tl@hpos=\count271
\mfp@commentchar=\count272
))
(C:\Users\Laci\AppData\Local\Programs\MiKTeX\tex/latex/base\inputenc.sty
Package: inputenc 2020/08/01 v1.3d Input encoding file
\inpenc@prehook=\toks44
\inpenc@posthook=\toks45

(C:\Users\Laci\AppData\Local\Programs\MiKTeX\tex/latex/base\latin2.def
File: latin2.def 2020/08/01 v1.3d Input encoding file
))
(C:\Users\Laci\AppData\Local\Programs\MiKTeX\tex/latex/base\fontenc.sty
Package: fontenc 2020/08/10 v2.0s Standard LaTeX package
)
(C:\Users\Laci\AppData\Local\Programs\MiKTeX\tex/generic/babel\babel.sty
Package: babel 2020/10/27 3.51 The Babel package

(C:\Users\Laci\AppData\Local\Programs\MiKTeX\tex/generic/babel\babel.def
File: babel.def 2020/10/27 3.51 Babel common definitions
\babel@savecnt=\count273
\U@D=\dimen172
\l@babelnohyphens=\language79

(C:\Users\Laci\AppData\Local\Programs\MiKTeX\tex/generic/babel\txtbabel.def)
\bbl@readstream=\read3
)
\bbl@dirlevel=\count274

*************************************
* Local config file bblopts.cfg used
*
(C:\Users\Laci\AppData\Local\Programs\MiKTeX\tex/latex/arabi\bblopts.cfg
File: bblopts.cfg 2005/09/08 v0.1 add Arabic and Farsi to "declared" options of
 babel
)
(magyar.ldf
Language: magyar 2007/10/19 v1.5 Magyar support from the babel v3.7 system
Package babel Info: Making ` an active character on input line 2636.
\c@footnote@add=\count275
\c@footnote@ch=\count276
))
\c@theorem=\count277
\c@prooF=\count278
)
(C:\Users\Laci\AppData\Local\Programs\MiKTeX\tex/latex/titlesec\titlesec.sty
Package: titlesec 2019/10/16 v2.13 Sectioning titles
\ttl@box=\box55
\beforetitleunit=\skip75
\aftertitleunit=\skip76
\ttl@plus=\dimen173
\ttl@minus=\dimen174
\ttl@toksa=\toks46
\titlewidth=\dimen175
\titlewidthlast=\dimen176
\titlewidthfirst=\dimen177
)
(C:\Users\Laci\AppData\Local\Programs\MiKTeX\tex/latex/l3backend\l3backend-pdft
ex.def
File: l3backend-pdftex.def 2020-09-24 L3 backend support: PDF output (pdfTeX)
\l__kernel_color_stack_int=\count279
\l__pdf_internal_box=\box56
) (szakd_minta_report.aux (cimlap/cimlap.aux)
(feladatkiiras/feladatkiiras.aux) (fejezetek/bevezetes.aux)
(fejezetek/elmelet.aux) (fejezetek/dokumentacio.aux)
(osszefoglalas/osszefoglalas.aux) (irodalomjegyzek/irod_jegyzek.aux

LaTeX Warning: Label `TeX_Catalogue' multiply defined.


LaTeX Warning: Label `TeX_Catalogue' multiply defined.


LaTeX Warning: Label `TeX_Catalogue' multiply defined.


LaTeX Warning: Label `TeX_Catalogue' multiply defined.


LaTeX Warning: Label `TeX_Catalogue' multiply defined.


LaTeX Warning: Label `TeX_Catalogue' multiply defined.


LaTeX Warning: Label `TeX_Catalogue' multiply defined.


LaTeX Warning: Label `TeX_Catalogue' multiply defined.

) (hasznalat/hasznalat.aux))
\openout1 = `szakd_minta_report.aux'.

LaTeX Font Info:    Checking defaults for OML/cmm/m/it on input line 10.
LaTeX Font Info:    ... okay on input line 10.
LaTeX Font Info:    Checking defaults for OMS/cmsy/m/n on input line 10.
LaTeX Font Info:    ... okay on input line 10.
LaTeX Font Info:    Checking defaults for OT1/cmr/m/n on input line 10.
LaTeX Font Info:    ... okay on input line 10.
LaTeX Font Info:    Checking defaults for T1/cmr/m/n on input line 10.
LaTeX Font Info:    ... okay on input line 10.
LaTeX Font Info:    Checking defaults for TS1/cmr/m/n on input line 10.
LaTeX Font Info:    ... okay on input line 10.
LaTeX Font Info:    Checking defaults for OMX/cmex/m/n on input line 10.
LaTeX Font Info:    ... okay on input line 10.
LaTeX Font Info:    Checking defaults for U/cmr/m/n on input line 10.
LaTeX Font Info:    ... okay on input line 10.

*geometry* detected driver: dvips
*geometry* verbose mode - [ preamble ] result:
* driver: dvips
* paper: custom
* layout: <same size as paper>
* layoutoffset:(h,v)=(0.0pt,0.0pt)
* modes: 
* h-part:(L,W,R)=(85.35826pt, 441.01773pt, 71.13188pt)
* v-part:(T,H,B)=(71.13188pt, 702.78308pt, 71.13188pt)
* \paperwidth=597.50787pt
* \paperheight=845.04684pt
* \textwidth=441.01773pt
* \textheight=702.78308pt
* \oddsidemargin=13.08827pt
* \evensidemargin=13.08827pt
* \topmargin=-36.53957pt
* \headheight=15.2pt
* \headsep=20.20146pt
* \topskip=12.0pt
* \footskip=30.0pt
* \marginparwidth=35.0pt
* \marginparsep=10.0pt
* \columnsep=10.0pt
* \skip\footins=10.8pt plus 4.0pt minus 2.0pt
* \hoffset=0.0pt
* \voffset=0.0pt
* \mag=1000
* \@twocolumnfalse
* \@twosidefalse
* \@mparswitchfalse
* \@reversemarginfalse
* (1in=72.27pt=25.4mm, 1cm=28.453pt)


(C:\Users\Laci\AppData\Local\Programs\MiKTeX\tex/context/base/mkii\supp-pdf.mki
i
[Loading MPS to PDF converter (version 2006.09.02).]
\scratchcounter=\count280
\scratchdimen=\dimen178
\scratchbox=\box57
\nofMPsegments=\count281
\nofMParguments=\count282
\everyMPshowfont=\toks47
\MPscratchCnt=\count283
\MPscratchDim=\dimen179
\MPnumerator=\count284
\makeMPintoPDFobject=\count285
\everyMPtoPDFconversion=\toks48
)
(C:\Users\Laci\AppData\Local\Programs\MiKTeX\tex/latex/epstopdf-pkg\epstopdf-ba
se.sty
Package: epstopdf-base 2020-01-24 v2.11 Base part for package epstopdf
Package epstopdf-base Info: Redefining graphics rule for `.eps' on input line 4
85.
)

LaTeX Warning: Please use \usepackage[latin2]{inputenc} with
               \usepackage[magyar]{babel}.

(C:\Users\Laci\AppData\Local\Programs\MiKTeX\tex/latex/base\report.cls
LaTeX Info: Redefining \cal on input line 577.
LaTeX Info: Redefining \mit on input line 578.
)
\openout2 = `cimlap/cimlap.aux'.


(cimlap/cimlap.tex
Package epstopdf Info: Source file: <cimlap/ME_logo.eps>
(epstopdf)                    date: 2020-12-06 19:50:27
(epstopdf)                    size: 494499 bytes
(epstopdf)             Output file: <cimlap/ME_logo-eps-converted-to.pdf>
(epstopdf)                    date: 2020-12-06 19:50:27
(epstopdf)                    size: 473899 bytes
(epstopdf)             Command: <epstopdf --outfile=cimlap/ME_logo-eps-converte
d-to.pdf cimlap/ME_logo.eps>
(epstopdf)             \includegraphics on input line 9.
Package epstopdf Info: Output file is already uptodate.


pdfTeX warning: pdflatex.exe (file ./cimlap/ME_logo-eps-converted-to.pdf): PDF 
inclusion: found PDF version <1.7>, but at most version <1.5> allowed
<cimlap/ME_logo-eps-converted-to.pdf, id=1, 1324.95pt x 1266.7325pt>
File: cimlap/ME_logo-eps-converted-to.pdf Graphic file (type pdf)
<use cimlap/ME_logo-eps-converted-to.pdf>
Package pdftex.def Info: cimlap/ME_logo-eps-converted-to.pdf  used on input lin
e 9.
(pdftex.def)             Requested size: 136.56639pt x 113.80771pt.
LaTeX Font Info:    Trying to load font information for U+msa on input line 28.

(C:\Users\Laci\AppData\Local\Programs\MiKTeX\tex/latex/amsfonts\umsa.fd
File: umsa.fd 2013/01/14 v3.01 AMS symbols A
)
LaTeX Font Info:    Trying to load font information for U+msb on input line 28.


(C:\Users\Laci\AppData\Local\Programs\MiKTeX\tex/latex/amsfonts\umsb.fd
File: umsb.fd 2013/01/14 v3.01 AMS symbols B
)
[1
Non-PDF special ignored!
<special> papersize=597.50787pt,845.04684pt



{C:/Users/Laci/AppData/Local/MiKTeX/pdftex/config/pdftex.map} <./cimlap/ME_logo
-eps-converted-to.pdf>])
\openout2 = `feladatkiiras/feladatkiiras.aux'.

 (feladatkiiras/feladatkiiras.tex
Underfull \hbox (badness 10000) in paragraph at lines 12--13

 []


Underfull \hbox (badness 10000) in paragraph at lines 14--15

 []


Underfull \hbox (badness 10000) in paragraph at lines 16--17

 []


Underfull \hbox (badness 10000) in paragraph at lines 40--41

 []


Underfull \hbox (badness 10000) in paragraph at lines 42--43

 []


Underfull \hbox (badness 10000) in paragraph at lines 44--45

 []


Underfull \hbox (badness 10000) detected at line 52
\T1/cmr/m/n/12 szakfelel®s
 []

[2



]
Underfull \hbox (badness 10000) in paragraph at lines 62--65

 []

[3]) [4] (szakd_minta_report.toc)
\tf@toc=\write4
\openout4 = `szakd_minta_report.toc'.

 [5





pdfTeX warning: pdflatex.exe: pop empty color page stack 0
]
\openout2 = `fejezetek/bevezetes.aux'.

 (fejezetek/bevezetes.tex
1. fejezet.

Underfull \hbox (badness 10000) in paragraph at lines 5--7

 []


Underfull \hbox (badness 10000) in paragraph at lines 5--7

 []


Underfull \hbox (badness 10000) in paragraph at lines 9--10

 []


Underfull \hbox (badness 10000) in paragraph at lines 12--18

 []


Underfull \hbox (badness 10000) in paragraph at lines 12--18

 []


Underfull \hbox (badness 10000) in paragraph at lines 12--18

 []


Underfull \hbox (badness 10000) in paragraph at lines 22--32

 []


Underfull \hbox (badness 10000) in paragraph at lines 22--32

 []


Underfull \hbox (badness 10000) in paragraph at lines 22--32

 []

[6


] [7])
\openout2 = `fejezetek/elmelet.aux'.

 (fejezetek/elmelet.tex
2. fejezet.

Underfull \hbox (badness 10000) in paragraph at lines 6--21

 []


Underfull \hbox (badness 10000) in paragraph at lines 6--21

 []


Underfull \hbox (badness 10000) in paragraph at lines 6--21

 []


Underfull \hbox (badness 10000) in paragraph at lines 6--21

 []


Underfull \hbox (badness 10000) in paragraph at lines 6--21

 []


Underfull \hbox (badness 10000) in paragraph at lines 6--21

 []


Underfull \hbox (badness 10000) in paragraph at lines 6--21

 []

[8




]
Underfull \hbox (badness 10000) in paragraph at lines 37--43

 []


Underfull \hbox (badness 10000) in paragraph at lines 37--43

 []


Underfull \hbox (badness 10000) in paragraph at lines 37--43

 []


Underfull \hbox (badness 10000) in paragraph at lines 44--53

 []


Underfull \hbox (badness 10000) in paragraph at lines 44--53

 []


Underfull \hbox (badness 10000) in paragraph at lines 44--53

 []


Underfull \hbox (badness 10000) in paragraph at lines 44--53

 []


Underfull \hbox (badness 10000) in paragraph at lines 54--70

 []


Underfull \hbox (badness 10000) in paragraph at lines 54--70

 []


Underfull \hbox (badness 10000) in paragraph at lines 54--70

 []


Underfull \hbox (badness 10000) in paragraph at lines 54--70

 []


Underfull \hbox (badness 10000) in paragraph at lines 54--70

 []


Underfull \hbox (badness 10000) in paragraph at lines 54--70

 []


Underfull \hbox (badness 10000) in paragraph at lines 54--70

 []


Underfull \hbox (badness 10000) in paragraph at lines 54--70

 []

[9]
<kepek/tipusok.jpg, id=117, 595.47469pt x 150.5625pt>
File: kepek/tipusok.jpg Graphic file (type jpg)
<use kepek/tipusok.jpg>
Package pdftex.def Info: kepek/tipusok.jpg  used on input line 115.
(pdftex.def)             Requested size: 416.82944pt x 105.39302pt.

Underfull \hbox (badness 10000) in paragraph at lines 71--117

 []


Underfull \hbox (badness 10000) in paragraph at lines 71--117

 []


Underfull \hbox (badness 10000) in paragraph at lines 71--117

 []


Underfull \hbox (badness 10000) in paragraph at lines 71--117

 []


Underfull \hbox (badness 10000) in paragraph at lines 71--117

 []


Underfull \hbox (badness 10000) in paragraph at lines 71--117

 []


Underfull \hbox (badness 10000) in paragraph at lines 71--117

 []


Underfull \hbox (badness 10000) in paragraph at lines 71--117

 []


Underfull \hbox (badness 10000) in paragraph at lines 71--117

 []


Underfull \hbox (badness 10000) in paragraph at lines 71--117

 []


Underfull \hbox (badness 10000) in paragraph at lines 71--117

 []


Underfull \hbox (badness 10000) in paragraph at lines 71--117

 []


Underfull \hbox (badness 10000) in paragraph at lines 71--117

 []


Underfull \hbox (badness 10000) in paragraph at lines 71--117

 []


Underfull \hbox (badness 10000) in paragraph at lines 71--117

 []


Underfull \hbox (badness 10000) in paragraph at lines 71--117

 []


Underfull \hbox (badness 10000) in paragraph at lines 71--117

 []


Underfull \hbox (badness 10000) in paragraph at lines 71--117

 []


Underfull \hbox (badness 10000) in paragraph at lines 71--117

 []


Underfull \hbox (badness 10000) in paragraph at lines 71--117

 []

[10] [11]
Underfull \hbox (badness 10000) in paragraph at lines 117--127

 []


Underfull \hbox (badness 10000) in paragraph at lines 117--127

 []


Underfull \hbox (badness 10000) in paragraph at lines 117--127

 []


Underfull \hbox (badness 10000) in paragraph at lines 117--127

 []


Underfull \hbox (badness 10000) in paragraph at lines 117--127

 []


Underfull \hbox (badness 10000) in paragraph at lines 117--127

 []

[12 <./kepek/tipusok.jpg>]
Underfull \hbox (badness 10000) in paragraph at lines 134--136

 []


Underfull \hbox (badness 10000) in paragraph at lines 134--136

 []


Underfull \hbox (badness 10000) in paragraph at lines 143--145

 []


Underfull \hbox (badness 10000) in paragraph at lines 143--145

 []


Underfull \hbox (badness 10000) in paragraph at lines 151--153

 []


Underfull \hbox (badness 10000) in paragraph at lines 151--153

 []


Underfull \hbox (badness 10000) in paragraph at lines 158--160

 []


Underfull \hbox (badness 10000) in paragraph at lines 158--160

 []


Underfull \hbox (badness 10000) in paragraph at lines 160--162

 []


Underfull \hbox (badness 10000) in paragraph at lines 160--162

 []

[13]
Underfull \hbox (badness 10000) in paragraph at lines 162--164

 []


Underfull \hbox (badness 10000) in paragraph at lines 162--164

 []


Underfull \hbox (badness 10000) in paragraph at lines 164--166

 []


Underfull \hbox (badness 10000) in paragraph at lines 164--166

 []

)
Underfull \hbox (badness 10000) in paragraph at lines 166--25

 []


Underfull \hbox (badness 10000) in paragraph at lines 166--25

 []

[14]
\openout2 = `fejezetek/dokumentacio.aux'.

 (fejezetek/dokumentacio.tex
3. fejezet.

Underfull \hbox (badness 10000) in paragraph at lines 6--15

 []


Underfull \hbox (badness 10000) in paragraph at lines 6--15

 []


Underfull \hbox (badness 10000) in paragraph at lines 6--15

 []

[15




]
Underfull \hbox (badness 10000) in paragraph at lines 30--35

 []


Underfull \hbox (badness 10000) in paragraph at lines 30--35

 []


Underfull \hbox (badness 10000) in paragraph at lines 36--38

 []


Underfull \hbox (badness 10000) in paragraph at lines 36--38

 []

<kepek/microservices.jpg, id=137, 815.045pt x 369.38pt>
File: kepek/microservices.jpg Graphic file (type jpg)
<use kepek/microservices.jpg>
Package pdftex.def Info: kepek/microservices.jpg  used on input line 43.
(pdftex.def)             Requested size: 407.5215pt x 184.68954pt.
<kepek/structure.jpg, id=138, 972.63374pt x 589.20125pt>
File: kepek/structure.jpg Graphic file (type jpg)
<use kepek/structure.jpg>
Package pdftex.def Info: kepek/structure.jpg  used on input line 47.
(pdftex.def)             Requested size: 437.68114pt x 265.1381pt.
)
Underfull \hbox (badness 10000) in paragraph at lines 39--27

 []

[16 <./kepek/microservices.jpg>] [17 <./kepek/structure.jpg>]
\openout2 = `osszefoglalas/osszefoglalas.aux'.


(osszefoglalas/osszefoglalas.tex
4. fejezet.
) [18




]
\openout2 = `irodalomjegyzek/irod_jegyzek.aux'.

 (irodalomjegyzek/irod_jegyzek.tex
LaTeX Font Info:    Trying to load font information for T1+cmtt on input line 5
.

(C:\Users\Laci\AppData\Local\Programs\MiKTeX\tex/latex/base\t1cmtt.fd
File: t1cmtt.fd 2019/12/16 v2.5j Standard LaTeX font definitions
))
[19




]
\openout2 = `hasznalat/hasznalat.aux'.

 (hasznalat/hasznalat.tex) [20




]
\tf@thm=\write5
\openout5 = `szakd_minta_report.thm'.

 (szakd_minta_report.aux (cimlap/cimlap.aux) (feladatkiiras/feladatkiiras.aux) 
(fejezetek/bevezetes.aux)
(fejezetek/elmelet.aux) (fejezetek/dokumentacio.aux)
(osszefoglalas/osszefoglalas.aux) (irodalomjegyzek/irod_jegyzek.aux)
(hasznalat/hasznalat.aux))

LaTeX Warning: There were multiply-defined labels.

 ) 
Here is how much of TeX's memory you used:
 6853 strings out of 479832
 101274 string characters out of 2871530
 411881 words of memory out of 3000000
 23636 multiletter control sequences out of 15000+200000
 554190 words of font info for 76 fonts, out of 3000000 for 9000
 1141 hyphenation exceptions out of 8191
 94i,11n,98p,752b,379s stack positions out of 5000i,500n,10000p,200000b,50000s
 <C:\Users\Laci\AppData\Local\MiKTeX\fonts/pk/ljfour/jknappen/ec/dpi600\ectt1
200.pk> <C:\Users\Laci\AppData\Local\MiKTeX\fonts/pk/ljfour/jknappen/ec/dpi600\
ecti1200.pk> <C:\Users\Laci\AppData\Local\MiKTeX\fonts/pk/ljfour/jknappen/ec/dp
i600\ecsl1200.pk> <C:\Users\Laci\AppData\Local\MiKTeX\fonts/pk/ljfour/jknappen/
ec/dpi600\ecbx2488.pk> <C:\Users\Laci\AppData\Local\MiKTeX\fonts/pk/ljfour/jkna
ppen/ec/dpi600\tcrm1200.pk> <C:\Users\Laci\AppData\Local\MiKTeX\fonts/pk/ljfour
/jknappen/ec/dpi600\ecbx1200.pk> <C:\Users\Laci\AppData\Local\MiKTeX\fonts/pk/l
jfour/jknappen/ec/dpi600\ecrm1200.pk> <C:\Users\Laci\AppData\Local\MiKTeX\fonts
/pk/ljfour/jknappen/ec/dpi600\ecxc1200.pk> <C:\Users\Laci\AppData\Local\MiKTeX\
fonts/pk/ljfour/jknappen/ec/dpi600\ecrm1440.pk> <C:\Users\Laci\AppData\Local\Mi
KTeX\fonts/pk/ljfour/jknappen/ec/dpi600\ecbx1440.pk> <C:\Users\Laci\AppData\Loc
al\MiKTeX\fonts/pk/ljfour/jknappen/ec/dpi600\ecbx2074.pk> <C:\Users\Laci\AppDat
a\Local\MiKTeX\fonts/pk/ljfour/jknappen/ec/dpi600\ecxc1440.pk> <C:\Users\Laci\A
ppData\Local\MiKTeX\fonts/pk/ljfour/jknappen/ec/dpi600\ecxc2488.pk>
Output written on szakd_minta_report.pdf (20 pages, 792468 bytes).
PDF statistics:
 691 PDF objects out of 1000 (max. 8388607)
 0 named destinations out of 1000 (max. 500000)
 21 words of extra memory for PDF output out of 10000 (max. 10000000)

